# JRE version: Java(TM) SE Runtime Environment (8.0_65-b17) (build 1.8.0_65-b17)
# Java VM: Java HotSpot(TM) 64-Bit Server VM (25.65-b01 mixed mode bsd-amd64 compressed oops)
Heap:
 PSYoungGen      total 178688K, used 157681K [0x00000007aab00000, 0x00000007b8c80000, 0x00000007c0000000)
  eden space 176640K, 89% used [0x00000007aab00000,0x00000007b44fc478,0x00000007b5780000)
  from space 2048K, 0% used [0x00000007b5b80000,0x00000007b5b80000,0x00000007b5d80000)
  to   space 27136K, 0% used [0x00000007b7200000,0x00000007b7200000,0x00000007b8c80000)
 ParOldGen       total 100864K, used 53664K [0x0000000780000000, 0x0000000786280000, 0x00000007aab00000)
  object space 100864K, 53% used [0x0000000780000000,0x00000007834680d8,0x0000000786280000)
 Metaspace       used 62105K, capacity 67294K, committed 68352K, reserved 1107968K
  class space    used 8248K, capacity 9679K, committed 9984K, reserved 1048576K
GC Heap History (10 events):
Event: 1957.702 GC heap before
{Heap before GC invocations=41 (full 7):
 PSYoungGen      total 203264K, used 176640K [0x00000007aab00000, 0x00000007b9300000, 0x00000007c0000000)
  eden space 176640K, 100% used [0x00000007aab00000,0x00000007b5780000,0x00000007b5780000)
  from space 26624K, 0% used [0x00000007b5780000,0x00000007b5780000,0x00000007b7180000)
  to   space 26624K, 0% used [0x00000007b7900000,0x00000007b7900000,0x00000007b9300000)
 ParOldGen       total 100864K, used 54828K [0x0000000780000000, 0x0000000786280000, 0x00000007aab00000)
  object space 100864K, 54% used [0x0000000780000000,0x000000078358b3a0,0x0000000786280000)
 Metaspace       used 61637K, capacity 66332K, committed 66560K, reserved 1105920K
  class space    used 8279K, capacity 9655K, committed 9728K, reserved 1048576K
Event: 1957.717 GC heap after
Heap after GC invocations=41 (full 7):
 PSYoungGen      total 207872K, used 4299K [0x00000007aab00000, 0x00000007b9080000, 0x00000007c0000000)
  eden space 183808K, 0% used [0x00000007aab00000,0x00000007aab00000,0x00000007b5e80000)
  from space 24064K, 17% used [0x00000007b7900000,0x00000007b7d32fc0,0x00000007b9080000)
  to   space 25600K, 0% used [0x00000007b5e80000,0x00000007b5e80000,0x00000007b7780000)
 ParOldGen       total 100864K, used 54836K [0x0000000780000000, 0x0000000786280000, 0x00000007aab00000)
  object space 100864K, 54% used [0x0000000780000000,0x000000078358d3a0,0x0000000786280000)
 Metaspace       used 61637K, capacity 66332K, committed 66560K, reserved 1105920K
  class space    used 8279K, capacity 9655K, committed 9728K, reserved 1048576K
}
Event: 1998.718 GC heap before
{Heap before GC invocations=42 (full 7):
 PSYoungGen      total 207872K, used 188107K [0x00000007aab00000, 0x00000007b9080000, 0x00000007c0000000)
  eden space 183808K, 100% used [0x00000007aab00000,0x00000007b5e80000,0x00000007b5e80000)
  from space 24064K, 17% used [0x00000007b7900000,0x00000007b7d32fc0,0x00000007b9080000)
  to   space 25600K, 0% used [0x00000007b5e80000,0x00000007b5e80000,0x00000007b7780000)
 ParOldGen       total 100864K, used 54836K [0x0000000780000000, 0x0000000786280000, 0x00000007aab00000)
  object space 100864K, 54% used [0x0000000780000000,0x000000078358d3a0,0x0000000786280000)
 Metaspace       used 62217K, capacity 67390K, committed 67456K, reserved 1107968K
  class space    used 8351K, capacity 9840K, committed 9856K, reserved 1048576K
Event: 1998.745 GC heap after
Heap after GC invocations=42 (full 7):
 PSYoungGen      total 209408K, used 4699K [0x00000007aab00000, 0x00000007b9480000, 0x00000007c0000000)
  eden space 183808K, 0% used [0x00000007aab00000,0x00000007aab00000,0x00000007b5e80000)
  from space 25600K, 18% used [0x00000007b5e80000,0x00000007b6316dd0,0x00000007b7780000)
  to   space 24576K, 0% used [0x00000007b7c80000,0x00000007b7c80000,0x00000007b9480000)
 ParOldGen       total 100864K, used 54844K [0x0000000780000000, 0x0000000786280000, 0x00000007aab00000)
  object space 100864K, 54% used [0x0000000780000000,0x000000078358f3a0,0x0000000786280000)
 Metaspace       used 62217K, capacity 67390K, committed 67456K, reserved 1107968K
  class space    used 8351K, capacity 9840K, committed 9856K, reserved 1048576K
}
Event: 2585.081 GC heap before
{Heap before GC invocations=43 (full 7):
 PSYoungGen      total 209408K, used 188507K [0x00000007aab00000, 0x00000007b9480000, 0x00000007c0000000)
  eden space 183808K, 100% used [0x00000007aab00000,0x00000007b5e80000,0x00000007b5e80000)
  from space 25600K, 18% used [0x00000007b5e80000,0x00000007b6316dd0,0x00000007b7780000)
  to   space 24576K, 0% used [0x00000007b7c80000,0x00000007b7c80000,0x00000007b9480000)
 ParOldGen       total 100864K, used 54844K [0x0000000780000000, 0x0000000786280000, 0x00000007aab00000)
  object space 100864K, 54% used [0x0000000780000000,0x000000078358f3a0,0x0000000786280000)
 Metaspace       used 62611K, capacity 68024K, committed 68096K, reserved 1107968K
  class space    used 8384K, capacity 9955K, committed 9984K, reserved 1048576K
Event: 2585.169 GC heap after
Heap after GC invocations=43 (full 7):
 PSYoungGen      total 198144K, used 21050K [0x00000007aab00000, 0x00000007b9180000, 0x00000007c0000000)
  eden space 176640K, 0% used [0x00000007aab00000,0x00000007aab00000,0x00000007b5780000)
  from space 21504K, 97% used [0x00000007b7c80000,0x00000007b910ea40,0x00000007b9180000)
  to   space 27648K, 0% used [0x00000007b5b80000,0x00000007b5b80000,0x00000007b7680000)
 ParOldGen       total 100864K, used 54852K [0x0000000780000000, 0x0000000786280000, 0x00000007aab00000)
  object space 100864K, 54% used [0x0000000780000000,0x00000007835913a0,0x0000000786280000)
 Metaspace       used 62611K, capacity 68024K, committed 68096K, reserved 1107968K
  class space    used 8384K, capacity 9955K, committed 9984K, reserved 1048576K
}
Event: 2589.236 GC heap before
{Heap before GC invocations=44 (full 7):
 PSYoungGen      total 198144K, used 62280K [0x00000007aab00000, 0x00000007b9180000, 0x00000007c0000000)
  eden space 176640K, 23% used [0x00000007aab00000,0x00000007ad343728,0x00000007b5780000)
  from space 21504K, 97% used [0x00000007b7c80000,0x00000007b910ea40,0x00000007b9180000)
  to   space 27648K, 0% used [0x00000007b5b80000,0x00000007b5b80000,0x00000007b7680000)
 ParOldGen       total 100864K, used 54852K [0x0000000780000000, 0x0000000786280000, 0x00000007aab00000)
  object space 100864K, 54% used [0x0000000780000000,0x00000007835913a0,0x0000000786280000)
 Metaspace       used 62661K, capacity 68094K, committed 68352K, reserved 1107968K
  class space    used 8386K, capacity 9956K, committed 9984K, reserved 1048576K
Event: 2589.240 GC heap after
Heap after GC invocations=44 (full 7):
 PSYoungGen      total 178688K, used 1696K [0x00000007aab00000, 0x00000007b8c80000, 0x00000007c0000000)
  eden space 176640K, 0% used [0x00000007aab00000,0x00000007aab00000,0x00000007b5780000)
  from space 2048K, 82% used [0x00000007b5b80000,0x00000007b5d28020,0x00000007b5d80000)
  to   space 27136K, 0% used [0x00000007b7200000,0x00000007b7200000,0x00000007b8c80000)
 ParOldGen       total 100864K, used 54860K [0x0000000780000000, 0x0000000786280000, 0x00000007aab00000)
  object space 100864K, 54% used [0x0000000780000000,0x00000007835933a0,0x0000000786280000)
 Metaspace       used 62661K, capacity 68094K, committed 68352K, reserved 1107968K
  class space    used 8386K, capacity 9956K, committed 9984K, reserved 1048576K
}
Event: 2589.240 GC heap before
{Heap before GC invocations=45 (full 8):
 PSYoungGen      total 178688K, used 1696K [0x00000007aab00000, 0x00000007b8c80000, 0x00000007c0000000)
  eden space 176640K, 0% used [0x00000007aab00000,0x00000007aab00000,0x00000007b5780000)
  from space 2048K, 82% used [0x00000007b5b80000,0x00000007b5d28020,0x00000007b5d80000)
  to   space 27136K, 0% used [0x00000007b7200000,0x00000007b7200000,0x00000007b8c80000)
 ParOldGen       total 100864K, used 54860K [0x0000000780000000, 0x0000000786280000, 0x00000007aab00000)
  object space 100864K, 54% used [0x0000000780000000,0x00000007835933a0,0x0000000786280000)
 Metaspace       used 62661K, capacity 68094K, committed 68352K, reserved 1107968K
  class space    used 8386K, capacity 9956K, committed 9984K, reserved 1048576K
Event: 2589.940 GC heap after
Heap after GC invocations=45 (full 8):
 PSYoungGen      total 178688K, used 0K [0x00000007aab00000, 0x00000007b8c80000, 0x00000007c0000000)
  eden space 176640K, 0% used [0x00000007aab00000,0x00000007aab00000,0x00000007b5780000)
  from space 2048K, 0% used [0x00000007b5b80000,0x00000007b5b80000,0x00000007b5d80000)
  to   space 27136K, 0% used [0x00000007b7200000,0x00000007b7200000,0x00000007b8c80000)
 ParOldGen       total 100864K, used 53664K [0x0000000780000000, 0x0000000786280000, 0x00000007aab00000)
  object space 100864K, 53% used [0x0000000780000000,0x00000007834680d8,0x0000000786280000)
 Metaspace       used 61561K, capacity 66140K, committed 68352K, reserved 1107968K
  class space    used 8175K, capacity 9470K, committed 9984K, reserved 1048576K
}

